ChatApp/build/intermediates/manifest_merge_blame_file/debug/processDebugManifest/manifest-merger-blame-debug-report.txt
1<?xml version="1.0" encoding="utf-8"?>
2<manifest xmlns:android="http://schemas.android.com/apk/res/android"
3    package="com.quicinc.chatapp" >
4
5    <uses-sdk android:minSdkVersion="31" />
6
7    <application>
7-->src\main\AndroidManifest.xml:5:5-17:19
8
9        <!-- 액티비티는 반드시 application 내부에 있어야 합니다 -->
10        <activity
10-->src\main\AndroidManifest.xml:7:9-12:77
11            android:name="com.quicinc.chatapp.Conversation"
11-->src\main\AndroidManifest.xml:10:13-60
12            android:exported="false"
12-->src\main\AndroidManifest.xml:11:13-37
13            android:hardwareAccelerated="true"
13-->src\main\AndroidManifest.xml:8:13-47
14            android:largeHeap="true"
14-->src\main\AndroidManifest.xml:9:13-37
15            android:parentActivityName="com.quicinc.chatapp.MainActivity" />
15-->src\main\AndroidManifest.xml:12:13-74
16        <activity
16-->src\main\AndroidManifest.xml:14:9-16:40
17            android:name="com.quicinc.chatapp.MainActivity"
17-->src\main\AndroidManifest.xml:15:13-60
18            android:exported="false" />
18-->src\main\AndroidManifest.xml:16:13-37
19    </application>
20
21</manifest>